{"uid":"d2ec94fdc6f4b3e1","name":"Add user data","fullName":"tyt.tests.test_text_box.TestTextBox#test_text_box","historyId":"832e1d38dd93e2e5111005cd450183c2","time":{"start":1727080331150,"stop":1727080351922,"duration":20772},"status":"broken","statusMessage":"selenium.common.exceptions.TimeoutException: Message: \nStacktrace:\n#0 0x557a7658a2da <unknown>\n#1 0x557a76258200 <unknown>\n#2 0x557a762a7aa2 <unknown>\n#3 0x557a762a7d41 <unknown>\n#4 0x557a762ed964 <unknown>\n#5 0x557a762cc8fd <unknown>\n#6 0x557a762eadfd <unknown>\n#7 0x557a762cc673 <unknown>\n#8 0x557a7629a473 <unknown>\n#9 0x557a7629b47e <unknown>\n#10 0x557a765510db <unknown>\n#11 0x557a76555071 <unknown>\n#12 0x557a7653d9d5 <unknown>\n#13 0x557a76555bf2 <unknown>\n#14 0x557a76522b6f <unknown>\n#15 0x557a76579248 <unknown>\n#16 0x557a76579417 <unknown>\n#17 0x557a765890cc <unknown>\n#18 0x7f614126f134 <unknown>","statusTrace":"self = <tyt.tests.test_text_box.TestTextBox object at 0x7f319630b100>\n\n    @allure.title(\"Add user data\")\n    @allure.severity(\"Critical\")\n    # @pytest.mark.smoke\n    def test_text_box(self):\n        self.text_box_page.open()\n        self.text_box_page.is_opened()\n>       self.text_box_page.check_main_word()\n\ntyt/tests/test_text_box.py:14: \n_ _ _ _ _ _ _ _ _ _ _ _ _ _ _ _ _ _ _ _ _ _ _ _ _ _ _ _ _ _ _ _ _ _ _ _ _ _ _ _ \ntyt/pages/text_box_page.py:18: in check_main_word\n    self.wait.until(EC.text_to_be_present_in_element(self.MAIN_WORD, 'Text Box')), \"Текст не совпадает\"\n_ _ _ _ _ _ _ _ _ _ _ _ _ _ _ _ _ _ _ _ _ _ _ _ _ _ _ _ _ _ _ _ _ _ _ _ _ _ _ _ \n\nself = <selenium.webdriver.support.wait.WebDriverWait (session=\"29295804a08c6ec1173f5b6a406b0d3c\")>\nmethod = <function text_to_be_present_in_element.<locals>._predicate at 0x7f31962118b0>\nmessage = ''\n\n    def until(self, method: Callable[[D], Union[Literal[False], T]], message: str = \"\") -> T:\n        \"\"\"Calls the method provided with the driver as an argument until the \\\n        return value does not evaluate to ``False``.\n    \n        :param method: callable(WebDriver)\n        :param message: optional message for :exc:`TimeoutException`\n        :returns: the result of the last call to `method`\n        :raises: :exc:`selenium.common.exceptions.TimeoutException` if timeout occurs\n        \"\"\"\n        screen = None\n        stacktrace = None\n    \n        end_time = time.monotonic() + self._timeout\n        while True:\n            try:\n                value = method(self._driver)\n                if value:\n                    return value\n            except self._ignored_exceptions as exc:\n                screen = getattr(exc, \"screen\", None)\n                stacktrace = getattr(exc, \"stacktrace\", None)\n            time.sleep(self._poll)\n            if time.monotonic() > end_time:\n                break\n>       raise TimeoutException(message, screen, stacktrace)\nE       selenium.common.exceptions.TimeoutException: Message: \nE       Stacktrace:\nE       #0 0x557a7658a2da <unknown>\nE       #1 0x557a76258200 <unknown>\nE       #2 0x557a762a7aa2 <unknown>\nE       #3 0x557a762a7d41 <unknown>\nE       #4 0x557a762ed964 <unknown>\nE       #5 0x557a762cc8fd <unknown>\nE       #6 0x557a762eadfd <unknown>\nE       #7 0x557a762cc673 <unknown>\nE       #8 0x557a7629a473 <unknown>\nE       #9 0x557a7629b47e <unknown>\nE       #10 0x557a765510db <unknown>\nE       #11 0x557a76555071 <unknown>\nE       #12 0x557a7653d9d5 <unknown>\nE       #13 0x557a76555bf2 <unknown>\nE       #14 0x557a76522b6f <unknown>\nE       #15 0x557a76579248 <unknown>\nE       #16 0x557a76579417 <unknown>\nE       #17 0x557a765890cc <unknown>\nE       #18 0x7f614126f134 <unknown>\n\n/usr/local/lib/python3.9/site-packages/selenium/webdriver/support/wait.py:105: TimeoutException","flaky":false,"newFailed":false,"newBroken":false,"newPassed":false,"retriesCount":0,"retriesStatusChange":false,"beforeStages":[{"name":"driver","time":{"start":1727080329995,"stop":1727080331148,"duration":1153},"status":"passed","steps":[],"attachments":[],"parameters":[],"shouldDisplayMessage":false,"attachmentsCount":0,"hasContent":false,"stepsCount":0,"attachmentStep":false},{"name":"setup","time":{"start":1727080331148,"stop":1727080331149,"duration":1},"status":"passed","steps":[],"attachments":[],"parameters":[],"shouldDisplayMessage":false,"attachmentsCount":0,"hasContent":false,"stepsCount":0,"attachmentStep":false}],"testStage":{"status":"broken","statusMessage":"selenium.common.exceptions.TimeoutException: Message: \nStacktrace:\n#0 0x557a7658a2da <unknown>\n#1 0x557a76258200 <unknown>\n#2 0x557a762a7aa2 <unknown>\n#3 0x557a762a7d41 <unknown>\n#4 0x557a762ed964 <unknown>\n#5 0x557a762cc8fd <unknown>\n#6 0x557a762eadfd <unknown>\n#7 0x557a762cc673 <unknown>\n#8 0x557a7629a473 <unknown>\n#9 0x557a7629b47e <unknown>\n#10 0x557a765510db <unknown>\n#11 0x557a76555071 <unknown>\n#12 0x557a7653d9d5 <unknown>\n#13 0x557a76555bf2 <unknown>\n#14 0x557a76522b6f <unknown>\n#15 0x557a76579248 <unknown>\n#16 0x557a76579417 <unknown>\n#17 0x557a765890cc <unknown>\n#18 0x7f614126f134 <unknown>","statusTrace":"self = <tyt.tests.test_text_box.TestTextBox object at 0x7f319630b100>\n\n    @allure.title(\"Add user data\")\n    @allure.severity(\"Critical\")\n    # @pytest.mark.smoke\n    def test_text_box(self):\n        self.text_box_page.open()\n        self.text_box_page.is_opened()\n>       self.text_box_page.check_main_word()\n\ntyt/tests/test_text_box.py:14: \n_ _ _ _ _ _ _ _ _ _ _ _ _ _ _ _ _ _ _ _ _ _ _ _ _ _ _ _ _ _ _ _ _ _ _ _ _ _ _ _ \ntyt/pages/text_box_page.py:18: in check_main_word\n    self.wait.until(EC.text_to_be_present_in_element(self.MAIN_WORD, 'Text Box')), \"Текст не совпадает\"\n_ _ _ _ _ _ _ _ _ _ _ _ _ _ _ _ _ _ _ _ _ _ _ _ _ _ _ _ _ _ _ _ _ _ _ _ _ _ _ _ \n\nself = <selenium.webdriver.support.wait.WebDriverWait (session=\"29295804a08c6ec1173f5b6a406b0d3c\")>\nmethod = <function text_to_be_present_in_element.<locals>._predicate at 0x7f31962118b0>\nmessage = ''\n\n    def until(self, method: Callable[[D], Union[Literal[False], T]], message: str = \"\") -> T:\n        \"\"\"Calls the method provided with the driver as an argument until the \\\n        return value does not evaluate to ``False``.\n    \n        :param method: callable(WebDriver)\n        :param message: optional message for :exc:`TimeoutException`\n        :returns: the result of the last call to `method`\n        :raises: :exc:`selenium.common.exceptions.TimeoutException` if timeout occurs\n        \"\"\"\n        screen = None\n        stacktrace = None\n    \n        end_time = time.monotonic() + self._timeout\n        while True:\n            try:\n                value = method(self._driver)\n                if value:\n                    return value\n            except self._ignored_exceptions as exc:\n                screen = getattr(exc, \"screen\", None)\n                stacktrace = getattr(exc, \"stacktrace\", None)\n            time.sleep(self._poll)\n            if time.monotonic() > end_time:\n                break\n>       raise TimeoutException(message, screen, stacktrace)\nE       selenium.common.exceptions.TimeoutException: Message: \nE       Stacktrace:\nE       #0 0x557a7658a2da <unknown>\nE       #1 0x557a76258200 <unknown>\nE       #2 0x557a762a7aa2 <unknown>\nE       #3 0x557a762a7d41 <unknown>\nE       #4 0x557a762ed964 <unknown>\nE       #5 0x557a762cc8fd <unknown>\nE       #6 0x557a762eadfd <unknown>\nE       #7 0x557a762cc673 <unknown>\nE       #8 0x557a7629a473 <unknown>\nE       #9 0x557a7629b47e <unknown>\nE       #10 0x557a765510db <unknown>\nE       #11 0x557a76555071 <unknown>\nE       #12 0x557a7653d9d5 <unknown>\nE       #13 0x557a76555bf2 <unknown>\nE       #14 0x557a76522b6f <unknown>\nE       #15 0x557a76579248 <unknown>\nE       #16 0x557a76579417 <unknown>\nE       #17 0x557a765890cc <unknown>\nE       #18 0x7f614126f134 <unknown>\n\n/usr/local/lib/python3.9/site-packages/selenium/webdriver/support/wait.py:105: TimeoutException","steps":[{"name":"Open https://demoqa.com/text-box page","time":{"start":1727080331150,"stop":1727080331671,"duration":521},"status":"passed","steps":[],"attachments":[],"parameters":[],"shouldDisplayMessage":false,"attachmentsCount":0,"hasContent":false,"stepsCount":0,"attachmentStep":false},{"name":"Page https://demoqa.com/text-box is opened","time":{"start":1727080331671,"stop":1727080331683,"duration":12},"status":"passed","steps":[],"attachments":[],"parameters":[],"shouldDisplayMessage":false,"attachmentsCount":0,"hasContent":false,"stepsCount":0,"attachmentStep":false}],"attachments":[],"parameters":[],"shouldDisplayMessage":true,"attachmentsCount":0,"hasContent":true,"stepsCount":2,"attachmentStep":false},"afterStages":[{"name":"driver::0","time":{"start":1727080351952,"stop":1727080352017,"duration":65},"status":"passed","steps":[],"attachments":[],"parameters":[],"shouldDisplayMessage":false,"attachmentsCount":0,"hasContent":false,"stepsCount":0,"attachmentStep":false}],"labels":[{"name":"severity","value":"Critical"},{"name":"feature","value":"Input text box"},{"name":"parentSuite","value":"tyt.tests"},{"name":"suite","value":"test_text_box"},{"name":"subSuite","value":"TestTextBox"},{"name":"host","value":"a1afc261ee91"},{"name":"thread","value":"8-MainThread"},{"name":"framework","value":"pytest"},{"name":"language","value":"cpython3"},{"name":"package","value":"tyt.tests.test_text_box"},{"name":"resultFormat","value":"allure2"}],"parameters":[],"links":[],"hidden":true,"retry":true,"extra":{"categories":[],"tags":[]},"source":"d2ec94fdc6f4b3e1.json","parameterValues":[]}